#
# There is insufficient memory for the Java Runtime Environment to continue.
# Native memory allocation (malloc) failed to allocate 167376 bytes for Chunk::new
# Possible reasons:
#   The system is out of physical RAM or swap space
#   The process is running with CompressedOops enabled, and the Java Heap may be blocking the growth of the native heap
# Possible solutions:
#   Reduce memory load on the system
#   Increase physical memory or swap space
#   Check if swap backing store is full
#   Decrease Java heap size (-Xmx/-Xms)
#   Decrease number of Java threads
#   Decrease Java thread stack sizes (-Xss)
#   Set larger code cache with -XX:ReservedCodeCacheSize=
#   JVM is running with Unscaled Compressed Oops mode in which the Java heap is
#     placed in the first 4GB address space. The Java Heap base address is the
#     maximum limit for the native heap growth. Please use -XX:HeapBaseMinAddress
#     to set the Java Heap base and to place the Java Heap above 4GB virtual address.
# This output file may be truncated or incomplete.
#
#  Out of Memory Error (allocation.cpp:389), pid=55196, tid=0x0000000000006610
#
# JRE version: Java(TM) SE Runtime Environment (8.0_361) (build 1.8.0_361-b09)
# Java VM: Java HotSpot(TM) 64-Bit Server VM (25.361-b09 mixed mode windows-amd64 compressed oops)
# Failed to write core dump. Minidumps are not enabled by default on client versions of Windows
#

---------------  T H R E A D  ---------------

Current thread (0x0000022a6a906000):  JavaThread "C2 CompilerThread0" daemon [_thread_in_native, id=26128, stack(0x000000be7e900000,0x000000be7ea00000)]

Stack: [0x000000be7e900000,0x000000be7ea00000]
Native frames: (J=compiled Java code, j=interpreted, Vv=VM code, C=native code)
V  [jvm.dll+0x3317a9]
V  [jvm.dll+0x277c4e]
V  [jvm.dll+0x27888d]
V  [jvm.dll+0x26f0d5]
V  [jvm.dll+0xd590c]
V  [jvm.dll+0xd610c]
V  [jvm.dll+0x4731b3]
V  [jvm.dll+0x43a9d8]
V  [jvm.dll+0x443825]
V  [jvm.dll+0x442be5]
V  [jvm.dll+0x42d98b]
V  [jvm.dll+0xac70b]
V  [jvm.dll+0xaad6b]
V  [jvm.dll+0x23ffb2]
V  [jvm.dll+0x294a5c]
C  [ucrtbase.dll+0x26c0c]
C  [KERNEL32.DLL+0x15590]
C  [ntdll.dll+0x485b]


Current CompileTask:
C2:   3265 2583       4       org.springframework.boot.context.properties.source.ConfigurationPropertyName::getElement (161 bytes)


---------------  P R O C E S S  ---------------

Java Threads: ( => current thread )
  0x0000022a6a9b0000 JavaThread "Service Thread" daemon [_thread_blocked, id=50876, stack(0x000000be7ec00000,0x000000be7ed00000)]
  0x0000022a6a90d000 JavaThread "C1 CompilerThread2" daemon [_thread_in_native, id=56844, stack(0x000000be7eb00000,0x000000be7ec00000)]
  0x0000022a6a908800 JavaThread "C2 CompilerThread1" daemon [_thread_in_native, id=54216, stack(0x000000be7ea00000,0x000000be7eb00000)]
=>0x0000022a6a906000 JavaThread "C2 CompilerThread0" daemon [_thread_in_native, id=26128, stack(0x000000be7e900000,0x000000be7ea00000)]
  0x0000022a6a902800 JavaThread "Attach Listener" daemon [_thread_blocked, id=56508, stack(0x000000be7e800000,0x000000be7e900000)]
  0x0000022a6a901800 JavaThread "Signal Dispatcher" daemon [_thread_blocked, id=54584, stack(0x000000be7e700000,0x000000be7e800000)]
  0x0000022a6a8e3800 JavaThread "Finalizer" daemon [_thread_blocked, id=41748, stack(0x000000be7e600000,0x000000be7e700000)]
  0x0000022a6a8bc000 JavaThread "Reference Handler" daemon [_thread_blocked, id=35736, stack(0x000000be7e500000,0x000000be7e600000)]
  0x0000022a56723800 JavaThread "main" [_thread_in_vm, id=57296, stack(0x000000be7df00000,0x000000be7e000000)]

Other Threads:
  0x0000022a6a8b3800 VMThread [stack: 0x000000be7e400000,0x000000be7e500000] [id=50752]
  0x0000022a6a9d6000 WatcherThread [stack: 0x000000be7ed00000,0x000000be7ee00000] [id=56352]

VM state:not at safepoint (normal execution)

VM Mutex/Monitor currently owned by a thread: None

heap address: 0x00000000c3200000, size: 974 MB, Compressed Oops mode: 32-bit
Narrow klass base: 0x0000000000000000, Narrow klass shift: 3
Compressed class space size: 1073741824 Address: 0x0000000100000000

Heap:
 PSYoungGen      total 139264K, used 37996K [0x00000000ebb80000, 0x00000000fa500000, 0x0000000100000000)
  eden space 122368K, 31% used [0x00000000ebb80000,0x00000000ee09b220,0x00000000f3300000)
  from space 16896K, 0% used [0x00000000f3300000,0x00000000f3300000,0x00000000f4380000)
  to   space 21504K, 0% used [0x00000000f9000000,0x00000000f9000000,0x00000000fa500000)
 ParOldGen       total 52736K, used 24117K [0x00000000c3200000, 0x00000000c6580000, 0x00000000ebb80000)
  object space 52736K, 45% used [0x00000000c3200000,0x00000000c498d570,0x00000000c6580000)
 Metaspace       used 22747K, capacity 23954K, committed 24192K, reserved 1071104K
  class space    used 2896K, capacity 3151K, committed 3200K, reserved 1048576K

Card table byte_map: [0x0000022a67510000,0x0000022a67700000] byte_map_base: 0x0000022a66ef7000

Marking Bits: (ParMarkBitMap*) 0x0000000072cfb090
 Begin Bits: [0x0000022a67850000, 0x0000022a68788000)
 End Bits:   [0x0000022a68788000, 0x0000022a696c0000)

Polling page: 0x0000022a56950000

CodeCache: size=245760Kb used=9014Kb max_used=9014Kb free=236745Kb
 bounds [0x0000022a58150000, 0x0000022a58a30000, 0x0000022a67150000]
 total_blobs=2964 nmethods=2602 adapters=274
 compilation: enabled

Compilation events (10 events):
Event: 3.233 Thread 0x0000022a6a90d000 2585       3       org.springframework.core.ResolvableType::isAssignableFrom (7 bytes)
Event: 3.234 Thread 0x0000022a6a90d000 nmethod 2585 0x0000022a58a11450 code [0x0000022a58a115c0, 0x0000022a58a11750]
Event: 3.234 Thread 0x0000022a6a908800 nmethod 2584 0x0000022a58a0fa10 code [0x0000022a58a0fb80, 0x0000022a58a0fd68]
Event: 3.235 Thread 0x0000022a6a908800 2586       4       org.springframework.core.ResolvableType::forType (115 bytes)
Event: 3.238 Thread 0x0000022a6a90d000 2588       3       org.springframework.core.annotation.TypeMappedAnnotations$Aggregate::size (10 bytes)
Event: 3.239 Thread 0x0000022a6a90d000 nmethod 2588 0x0000022a58a10fd0 code [0x0000022a58a11140, 0x0000022a58a11370]
Event: 3.241 Thread 0x0000022a6a90d000 2589       3       org.springframework.beans.factory.support.AbstractAutowireCapableBeanFactory::getTypeForFactoryBean (323 bytes)
Event: 3.243 Thread 0x0000022a6a90d000 nmethod 2589 0x0000022a58a14590 code [0x0000022a58a14a80, 0x0000022a58a18400]
Event: 3.243 Thread 0x0000022a6a90d000 2590       3       org.springframework.beans.factory.support.AbstractAutowireCapableBeanFactory::getFactoryBeanGeneric (21 bytes)
Event: 3.243 Thread 0x0000022a6a90d000 nmethod 2590 0x0000022a58a10950 code [0x0000022a58a10ae0, 0x0000022a58a10ea0]

GC Heap History (10 events):
Event: 1.353 GC heap before
{Heap before GC invocations=6 (full 0):
 PSYoungGen      total 34304K, used 34295K [0x00000000ebb80000, 0x00000000f0680000, 0x0000000100000000)
  eden space 31744K, 100% used [0x00000000ebb80000,0x00000000eda80000,0x00000000eda80000)
  from space 2560K, 99% used [0x00000000eda80000,0x00000000edcfdc80,0x00000000edd00000)
  to   space 6656K, 0% used [0x00000000f0000000,0x00000000f0000000,0x00000000f0680000)
 ParOldGen       total 42496K, used 9830K [0x00000000c3200000, 0x00000000c5b80000, 0x00000000ebb80000)
  object space 42496K, 23% used [0x00000000c3200000,0x00000000c3b998c0,0x00000000c5b80000)
 Metaspace       used 18187K, capacity 18932K, committed 19200K, reserved 1067008K
  class space    used 2306K, capacity 2512K, committed 2560K, reserved 1048576K
Event: 1.359 GC heap after
Heap after GC invocations=6 (full 0):
 PSYoungGen      total 70144K, used 4823K [0x00000000ebb80000, 0x00000000f0680000, 0x0000000100000000)
  eden space 63488K, 0% used [0x00000000ebb80000,0x00000000ebb80000,0x00000000ef980000)
  from space 6656K, 72% used [0x00000000f0000000,0x00000000f04b5c90,0x00000000f0680000)
  to   space 6656K, 0% used [0x00000000ef980000,0x00000000ef980000,0x00000000f0000000)
 ParOldGen       total 42496K, used 9830K [0x00000000c3200000, 0x00000000c5b80000, 0x00000000ebb80000)
  object space 42496K, 23% used [0x00000000c3200000,0x00000000c3b998c0,0x00000000c5b80000)
 Metaspace       used 18187K, capacity 18932K, committed 19200K, reserved 1067008K
  class space    used 2306K, capacity 2512K, committed 2560K, reserved 1048576K
}
Event: 1.842 GC heap before
{Heap before GC invocations=7 (full 0):
 PSYoungGen      total 70144K, used 68311K [0x00000000ebb80000, 0x00000000f0680000, 0x0000000100000000)
  eden space 63488K, 100% used [0x00000000ebb80000,0x00000000ef980000,0x00000000ef980000)
  from space 6656K, 72% used [0x00000000f0000000,0x00000000f04b5c90,0x00000000f0680000)
  to   space 6656K, 0% used [0x00000000ef980000,0x00000000ef980000,0x00000000f0000000)
 ParOldGen       total 42496K, used 9830K [0x00000000c3200000, 0x00000000c5b80000, 0x00000000ebb80000)
  object space 42496K, 23% used [0x00000000c3200000,0x00000000c3b998c0,0x00000000c5b80000)
 Metaspace       used 18916K, capacity 19766K, committed 20096K, reserved 1067008K
  class space    used 2378K, capacity 2587K, committed 2688K, reserved 1048576K
Event: 1.861 GC heap after
Heap after GC invocations=7 (full 0):
 PSYoungGen      total 70144K, used 6650K [0x00000000ebb80000, 0x00000000f4f80000, 0x0000000100000000)
  eden space 63488K, 0% used [0x00000000ebb80000,0x00000000ebb80000,0x00000000ef980000)
  from space 6656K, 99% used [0x00000000ef980000,0x00000000efffea20,0x00000000f0000000)
  to   space 12288K, 0% used [0x00000000f4380000,0x00000000f4380000,0x00000000f4f80000)
 ParOldGen       total 42496K, used 19279K [0x00000000c3200000, 0x00000000c5b80000, 0x00000000ebb80000)
  object space 42496K, 45% used [0x00000000c3200000,0x00000000c44d3d30,0x00000000c5b80000)
 Metaspace       used 18916K, capacity 19766K, committed 20096K, reserved 1067008K
  class space    used 2378K, capacity 2587K, committed 2688K, reserved 1048576K
}
Event: 2.317 GC heap before
{Heap before GC invocations=8 (full 0):
 PSYoungGen      total 70144K, used 70138K [0x00000000ebb80000, 0x00000000f4f80000, 0x0000000100000000)
  eden space 63488K, 100% used [0x00000000ebb80000,0x00000000ef980000,0x00000000ef980000)
  from space 6656K, 99% used [0x00000000ef980000,0x00000000efffea20,0x00000000f0000000)
  to   space 12288K, 0% used [0x00000000f4380000,0x00000000f4380000,0x00000000f4f80000)
 ParOldGen       total 42496K, used 19279K [0x00000000c3200000, 0x00000000c5b80000, 0x00000000ebb80000)
  object space 42496K, 45% used [0x00000000c3200000,0x00000000c44d3d30,0x00000000c5b80000)
 Metaspace       used 18972K, capacity 19770K, committed 20096K, reserved 1067008K
  class space    used 2385K, capacity 2587K, committed 2688K, reserved 1048576K
Event: 2.333 GC heap after
Heap after GC invocations=8 (full 0):
 PSYoungGen      total 134656K, used 12282K [0x00000000ebb80000, 0x00000000f5880000, 0x0000000100000000)
  eden space 122368K, 0% used [0x00000000ebb80000,0x00000000ebb80000,0x00000000f3300000)
  from space 12288K, 99% used [0x00000000f4380000,0x00000000f4f7e840,0x00000000f4f80000)
  to   space 16896K, 0% used [0x00000000f3300000,0x00000000f3300000,0x00000000f4380000)
 ParOldGen       total 42496K, used 25234K [0x00000000c3200000, 0x00000000c5b80000, 0x00000000ebb80000)
  object space 42496K, 59% used [0x00000000c3200000,0x00000000c4aa4ae8,0x00000000c5b80000)
 Metaspace       used 18972K, capacity 19770K, committed 20096K, reserved 1067008K
  class space    used 2385K, capacity 2587K, committed 2688K, reserved 1048576K
}
Event: 2.683 GC heap before
{Heap before GC invocations=9 (full 0):
 PSYoungGen      total 134656K, used 103569K [0x00000000ebb80000, 0x00000000f5880000, 0x0000000100000000)
  eden space 122368K, 74% used [0x00000000ebb80000,0x00000000f14a5ef8,0x00000000f3300000)
  from space 12288K, 99% used [0x00000000f4380000,0x00000000f4f7e840,0x00000000f4f80000)
  to   space 16896K, 0% used [0x00000000f3300000,0x00000000f3300000,0x00000000f4380000)
 ParOldGen       total 42496K, used 25234K [0x00000000c3200000, 0x00000000c5b80000, 0x00000000ebb80000)
  object space 42496K, 59% used [0x00000000c3200000,0x00000000c4aa4ae8,0x00000000c5b80000)
 Metaspace       used 20316K, capacity 21128K, committed 21248K, reserved 1067008K
  class space    used 2548K, capacity 2750K, committed 2816K, reserved 1048576K
Event: 2.697 GC heap after
Heap after GC invocations=9 (full 0):
 PSYoungGen      total 139264K, used 16895K [0x00000000ebb80000, 0x00000000fa500000, 0x0000000100000000)
  eden space 122368K, 0% used [0x00000000ebb80000,0x00000000ebb80000,0x00000000f3300000)
  from space 16896K, 99% used [0x00000000f3300000,0x00000000f437fef0,0x00000000f4380000)
  to   space 21504K, 0% used [0x00000000f9000000,0x00000000f9000000,0x00000000fa500000)
 ParOldGen       total 42496K, used 30406K [0x00000000c3200000, 0x00000000c5b80000, 0x00000000ebb80000)
  object space 42496K, 71% used [0x00000000c3200000,0x00000000c4fb1b68,0x00000000c5b80000)
 Metaspace       used 20316K, capacity 21128K, committed 21248K, reserved 1067008K
  class space    used 2548K, capacity 2750K, committed 2816K, reserved 1048576K
}
Event: 2.697 GC heap before
{Heap before GC invocations=10 (full 1):
 PSYoungGen      total 139264K, used 16895K [0x00000000ebb80000, 0x00000000fa500000, 0x0000000100000000)
  eden space 122368K, 0% used [0x00000000ebb80000,0x00000000ebb80000,0x00000000f3300000)
  from space 16896K, 99% used [0x00000000f3300000,0x00000000f437fef0,0x00000000f4380000)
  to   space 21504K, 0% used [0x00000000f9000000,0x00000000f9000000,0x00000000fa500000)
 ParOldGen       total 42496K, used 30406K [0x00000000c3200000, 0x00000000c5b80000, 0x00000000ebb80000)
  object space 42496K, 71% used [0x00000000c3200000,0x00000000c4fb1b68,0x00000000c5b80000)
 Metaspace       used 20316K, capacity 21128K, committed 21248K, reserved 1067008K
  class space    used 2548K, capacity 2750K, committed 2816K, reserved 1048576K
Event: 2.734 GC heap after
Heap after GC invocations=10 (full 1):
 PSYoungGen      total 139264K, used 0K [0x00000000ebb80000, 0x00000000fa500000, 0x0000000100000000)
  eden space 122368K, 0% used [0x00000000ebb80000,0x00000000ebb80000,0x00000000f3300000)
  from space 16896K, 0% used [0x00000000f3300000,0x00000000f3300000,0x00000000f4380000)
  to   space 21504K, 0% used [0x00000000f9000000,0x00000000f9000000,0x00000000fa500000)
 ParOldGen       total 52736K, used 24117K [0x00000000c3200000, 0x00000000c6580000, 0x00000000ebb80000)
  object space 52736K, 45% used [0x00000000c3200000,0x00000000c498d570,0x00000000c6580000)
 Metaspace       used 20316K, capacity 21128K, committed 21248K, reserved 1067008K
  class space    used 2548K, capacity 2750K, committed 2816K, reserved 1048576K
}

Deoptimization events (10 events):
Event: 3.025 Thread 0x0000022a56723800 Uncommon trap: reason=unstable_if action=reinterpret pc=0x0000022a5895d638 method=java.lang.reflect.Method.equals(Ljava/lang/Object;)Z @ 49
Event: 3.027 Thread 0x0000022a56723800 Uncommon trap: reason=class_check action=maybe_recompile pc=0x0000022a587f5d90 method=org.springframework.util.ConcurrentReferenceHashMap$Segment.findInChain(Lorg/springframework/util/ConcurrentReferenceHashMap$Reference;Ljava/lang/Object;I)Lorg/springfra
Event: 3.031 Thread 0x0000022a56723800 Uncommon trap: reason=class_check action=maybe_recompile pc=0x0000022a587df998 method=org.springframework.util.ConcurrentReferenceHashMap$Segment.findInChain(Lorg/springframework/util/ConcurrentReferenceHashMap$Reference;Ljava/lang/Object;I)Lorg/springfra
Event: 3.062 Thread 0x0000022a56723800 Uncommon trap: reason=class_check action=maybe_recompile pc=0x0000022a58351f14 method=java.lang.String.equals(Ljava/lang/Object;)Z @ 8
Event: 3.062 Thread 0x0000022a56723800 Uncommon trap: reason=class_check action=maybe_recompile pc=0x0000022a58351f14 method=java.lang.String.equals(Ljava/lang/Object;)Z @ 8
Event: 3.062 Thread 0x0000022a56723800 Uncommon trap: reason=class_check action=maybe_recompile pc=0x0000022a58351f14 method=java.lang.String.equals(Ljava/lang/Object;)Z @ 8
Event: 3.063 Thread 0x0000022a56723800 Uncommon trap: reason=unstable_if action=reinterpret pc=0x0000022a588b0cec method=org.springframework.core.annotation.MergedAnnotationsCollection.isMappingForType(Lorg/springframework/core/annotation/AnnotationTypeMapping;Ljava/lang/Object;)Z @ 13
Event: 3.064 Thread 0x0000022a56723800 Uncommon trap: reason=class_check action=maybe_recompile pc=0x0000022a58351f14 method=java.lang.String.equals(Ljava/lang/Object;)Z @ 8
Event: 3.144 Thread 0x0000022a56723800 Uncommon trap: reason=unstable_if action=reinterpret pc=0x0000022a5889c7f8 method=java.util.Arrays.equals([Ljava/lang/Object;[Ljava/lang/Object;)Z @ 65
Event: 3.191 Thread 0x0000022a56723800 Uncommon trap: reason=class_check action=maybe_recompile pc=0x0000022a5856c684 method=java.util.HashMap.putVal(ILjava/lang/Object;Ljava/lang/Object;ZZ)Ljava/lang/Object; @ 203

Classes redefined (0 events):
No events

Internal exceptions (10 events):
Event: 1.198 Thread 0x0000022a56723800 Exception <a 'java/lang/ClassNotFoundException': org/springframework/beans/factory/BeanClassLoaderAwareCustomizer> (0x00000000ed40b308) thrown at [C:\jenkins\workspace\8-2-build-windows-x64-cygwin\jdk8u361\3183\hotspot\src\share\vm\classfile\systemDiction
Event: 1.199 Thread 0x0000022a56723800 Exception <a 'java/lang/ClassNotFoundException': org/springframework/beans/factory/AwareCustomizer> (0x00000000ed4210f0) thrown at [C:\jenkins\workspace\8-2-build-windows-x64-cygwin\jdk8u361\3183\hotspot\src\share\vm\classfile\systemDictionary.cpp, line 2
Event: 1.199 Thread 0x0000022a56723800 Exception <a 'java/lang/ClassNotFoundException': org/springframework/context/EnvironmentAwareCustomizer> (0x00000000ed4374e8) thrown at [C:\jenkins\workspace\8-2-build-windows-x64-cygwin\jdk8u361\3183\hotspot\src\share\vm\classfile\systemDictionary.cpp, l
Event: 1.199 Thread 0x0000022a56723800 Exception <a 'java/lang/ClassNotFoundException': org/springframework/beans/factory/AwareCustomizer> (0x00000000ed48d8c0) thrown at [C:\jenkins\workspace\8-2-build-windows-x64-cygwin\jdk8u361\3183\hotspot\src\share\vm\classfile\systemDictionary.cpp, line 2
Event: 1.261 Thread 0x0000022a6b882800 Exception <a 'java/lang/IncompatibleClassChangeError': Found class java.lang.Object, but interface was expected> (0x00000000ed9e6810) thrown at [C:\jenkins\workspace\8-2-build-windows-x64-cygwin\jdk8u361\3183\hotspot\src\share\vm\interpreter\linkResolver.
Event: 2.517 Thread 0x0000022a56723800 Exception <a 'java/lang/NoSuchMethodError': java.lang.Object.lambda$or$2(Ljava/util/function/Predicate;Ljava/lang/Object;)Z> (0x00000000efd928d0) thrown at [C:\jenkins\workspace\8-2-build-windows-x64-cygwin\jdk8u361\3183\hotspot\src\share\vm\interpreter\l
Event: 2.587 Thread 0x0000022a56723800 Exception <a 'java/lang/IncompatibleClassChangeError': Found class java.lang.Object, but interface was expected> (0x00000000f0997d78) thrown at [C:\jenkins\workspace\8-2-build-windows-x64-cygwin\jdk8u361\3183\hotspot\src\share\vm\interpreter\linkResolver.
Event: 2.616 Thread 0x0000022a56723800 Exception <a 'java/lang/NoSuchMethodError': java.lang.Object.lambda$getAllAnnotationAttributes$0(Lorg/springframework/util/MultiValueMap;)Lorg/springframework/util/MultiValueMap;> (0x00000000f0b67dd0) thrown at [C:\jenkins\workspace\8-2-build-windows-x64-
Event: 2.617 Thread 0x0000022a56723800 Exception <a 'java/lang/NoSuchMethodError': java.lang.Object.lambda$identity$2(Ljava/lang/Object;)Ljava/lang/Object;> (0x00000000f0b7b068) thrown at [C:\jenkins\workspace\8-2-build-windows-x64-cygwin\jdk8u361\3183\hotspot\src\share\vm\interpreter\linkReso
Event: 2.978 Thread 0x0000022a56723800 Exception <a 'java/lang/NoSuchMethodError': java.lang.Object.lambda$getRequiredAttribute$0(Ljava/lang/String;)Ljava/lang/IllegalArgumentException;> (0x00000000ecb94310) thrown at [C:\jenkins\workspace\8-2-build-windows-x64-cygwin\jdk8u361\3183\hotspot\src

Events (10 events):
Event: 3.231 loading class org/springframework/web/context/request/AsyncWebRequestInterceptor
Event: 3.231 loading class org/springframework/web/context/request/AsyncWebRequestInterceptor done
Event: 3.232 loading class org/springframework/web/context/request/WebRequestInterceptor
Event: 3.232 loading class org/springframework/web/context/request/WebRequestInterceptor done
Event: 3.232 loading class org/springframework/orm/jpa/EntityManagerFactoryAccessor
Event: 3.232 loading class org/springframework/orm/jpa/EntityManagerFactoryAccessor done
Event: 3.234 loading class org/springframework/orm/jpa/support/OpenEntityManagerInViewFilter
Event: 3.234 loading class org/springframework/orm/jpa/support/OpenEntityManagerInViewFilter done
Event: 3.239 loading class org/springframework/boot/autoconfigure/orm/jpa/HibernateProperties
Event: 3.239 loading class org/springframework/boot/autoconfigure/orm/jpa/HibernateProperties done


Dynamic libraries:
0x00007ff7fe880000 - 0x00007ff7fe8c7000 	C:\Program Files\Java\jre1.8.0_361\bin\javaw.exe
0x00007fff8b6a0000 - 0x00007fff8b8a9000 	C:\WINDOWS\SYSTEM32\ntdll.dll
0x00007fff8a470000 - 0x00007fff8a52e000 	C:\WINDOWS\System32\KERNEL32.DLL
0x00007fff89060000 - 0x00007fff893e3000 	C:\WINDOWS\System32\KERNELBASE.dll
0x00007fff8a210000 - 0x00007fff8a2be000 	C:\WINDOWS\System32\ADVAPI32.dll
0x00007fff895f0000 - 0x00007fff89693000 	C:\WINDOWS\System32\msvcrt.dll
0x00007fff8b360000 - 0x00007fff8b3fe000 	C:\WINDOWS\System32\sechost.dll
0x00007fff8a0e0000 - 0x00007fff8a201000 	C:\WINDOWS\System32\RPCRT4.dll
0x00007fff8b470000 - 0x00007fff8b61d000 	C:\WINDOWS\System32\USER32.dll
0x00007fff88d10000 - 0x00007fff88d36000 	C:\WINDOWS\System32\win32u.dll
0x00007fff8a9a0000 - 0x00007fff8a9c9000 	C:\WINDOWS\System32\GDI32.dll
0x00007fff88bf0000 - 0x00007fff88d0a000 	C:\WINDOWS\System32\gdi32full.dll
0x00007fff88b50000 - 0x00007fff88bed000 	C:\WINDOWS\System32\msvcp_win.dll
0x00007fff893f0000 - 0x00007fff89501000 	C:\WINDOWS\System32\ucrtbase.dll
0x00007fff7c6f0000 - 0x00007fff7c995000 	C:\WINDOWS\WinSxS\amd64_microsoft.windows.common-controls_6595b64144ccf1df_6.0.22000.120_none_9d947278b86cc467\COMCTL32.dll
0x00007fff8b620000 - 0x00007fff8b651000 	C:\WINDOWS\System32\IMM32.DLL
0x00007fff6fcb0000 - 0x00007fff6fcc5000 	C:\Program Files\Java\jre1.8.0_361\bin\vcruntime140.dll
0x00007fff64580000 - 0x00007fff6461b000 	C:\Program Files\Java\jre1.8.0_361\bin\msvcp140.dll
0x0000000072510000 - 0x0000000072d73000 	C:\Program Files\Java\jre1.8.0_361\bin\server\jvm.dll
0x00007fff8b220000 - 0x00007fff8b228000 	C:\WINDOWS\System32\PSAPI.DLL
0x00007fff83710000 - 0x00007fff83743000 	C:\WINDOWS\SYSTEM32\WINMM.dll
0x00007fff82bd0000 - 0x00007fff82bda000 	C:\WINDOWS\SYSTEM32\VERSION.dll
0x00007fff85030000 - 0x00007fff85039000 	C:\WINDOWS\SYSTEM32\WSOCK32.dll
0x00007fff8b2f0000 - 0x00007fff8b35f000 	C:\WINDOWS\System32\WS2_32.dll
0x00007fff87cc0000 - 0x00007fff87cd8000 	C:\WINDOWS\SYSTEM32\kernel.appcore.dll
0x00007fff83ca0000 - 0x00007fff83cb0000 	C:\Program Files\Java\jre1.8.0_361\bin\verify.dll
0x00007fff7b0d0000 - 0x00007fff7b0fb000 	C:\Program Files\Java\jre1.8.0_361\bin\java.dll
0x00007fff7b0b0000 - 0x00007fff7b0c8000 	C:\Program Files\Java\jre1.8.0_361\bin\zip.dll
0x00007fff89910000 - 0x00007fff8a0d5000 	C:\WINDOWS\System32\SHELL32.dll
0x00007fff86c40000 - 0x00007fff874a4000 	C:\WINDOWS\SYSTEM32\windows.storage.dll
0x00007fff8ac00000 - 0x00007fff8af76000 	C:\WINDOWS\System32\combase.dll
0x00007fff86ac0000 - 0x00007fff86c27000 	C:\WINDOWS\SYSTEM32\wintypes.dll
0x00007fff89820000 - 0x00007fff8990a000 	C:\WINDOWS\System32\SHCORE.dll
0x00007fff8b400000 - 0x00007fff8b45d000 	C:\WINDOWS\System32\shlwapi.dll
0x00007fff88a80000 - 0x00007fff88aa1000 	C:\WINDOWS\SYSTEM32\profapi.dll
0x00007fff7b110000 - 0x00007fff7b11d000 	C:\Program Files\Java\jre1.8.0_361\bin\management.dll
0x00007fff7b000000 - 0x00007fff7b01c000 	C:\Program Files\Java\jre1.8.0_361\bin\net.dll
0x00007fff88160000 - 0x00007fff881c7000 	C:\WINDOWS\system32\mswsock.dll
0x00007fff65440000 - 0x00007fff65457000 	C:\WINDOWS\system32\napinsp.dll
0x00007fff65420000 - 0x00007fff6543b000 	C:\WINDOWS\system32\pnrpnsp.dll
0x00007fff87850000 - 0x00007fff87938000 	C:\WINDOWS\SYSTEM32\DNSAPI.dll
0x00007fff87820000 - 0x00007fff8784d000 	C:\WINDOWS\SYSTEM32\IPHLPAPI.DLL
0x00007fff895c0000 - 0x00007fff895c9000 	C:\WINDOWS\System32\NSI.dll
0x00007fff65400000 - 0x00007fff65412000 	C:\WINDOWS\System32\winrnr.dll
0x00007fff653c0000 - 0x00007fff653d5000 	C:\WINDOWS\system32\wshbth.dll
0x00007fff653a0000 - 0x00007fff653bf000 	C:\WINDOWS\system32\nlansp_c.dll
0x00007fff82ac0000 - 0x00007fff82aca000 	C:\Windows\System32\rasadhlp.dll
0x00007fff82ad0000 - 0x00007fff82b51000 	C:\WINDOWS\System32\fwpuclnt.dll
0x00007fff72f20000 - 0x00007fff72f33000 	C:\Program Files\Java\jre1.8.0_361\bin\nio.dll
0x00007fff866f0000 - 0x00007fff86911000 	C:\WINDOWS\SYSTEM32\dbghelp.dll
0x00007fff88fe0000 - 0x00007fff8905f000 	C:\WINDOWS\System32\bcryptPrimitives.dll

VM Arguments:
jvm_args: -Dfile.encoding=UTF-8 
java_command: com.ts.anisoul.AnisoulApplication
java_class_path (initial): C:\Users\hp\Desktop\Important\anisoul-backend\anisoul\target\classes;C:\Users\hp\.m2\repository\org\springframework\boot\spring-boot-starter-data-jpa\2.7.11\spring-boot-starter-data-jpa-2.7.11.jar;C:\Users\hp\.m2\repository\org\springframework\boot\spring-boot-starter-aop\2.7.11\spring-boot-starter-aop-2.7.11.jar;C:\Users\hp\.m2\repository\org\aspectj\aspectjweaver\1.9.7\aspectjweaver-1.9.7.jar;C:\Users\hp\.m2\repository\org\springframework\boot\spring-boot-starter-jdbc\2.7.11\spring-boot-starter-jdbc-2.7.11.jar;C:\Users\hp\.m2\repository\com\zaxxer\HikariCP\4.0.3\HikariCP-4.0.3.jar;C:\Users\hp\.m2\repository\org\springframework\spring-jdbc\5.3.27\spring-jdbc-5.3.27.jar;C:\Users\hp\.m2\repository\jakarta\transaction\jakarta.transaction-api\1.3.3\jakarta.transaction-api-1.3.3.jar;C:\Users\hp\.m2\repository\jakarta\persistence\jakarta.persistence-api\2.2.3\jakarta.persistence-api-2.2.3.jar;C:\Users\hp\.m2\repository\org\hibernate\hibernate-core\5.6.15.Final\hibernate-core-5.6.15.Final.jar;C:\Users\hp\.m2\repository\org\jboss\logging\jboss-logging\3.4.3.Final\jboss-logging-3.4.3.Final.jar;C:\Users\hp\.m2\repository\net\bytebuddy\byte-buddy\1.12.23\byte-buddy-1.12.23.jar;C:\Users\hp\.m2\repository\antlr\antlr\2.7.7\antlr-2.7.7.jar;C:\Users\hp\.m2\repository\org\jboss\jandex\2.4.2.Final\jandex-2.4.2.Final.jar;C:\Users\hp\.m2\repository\com\fasterxml\classmate\1.5.1\classmate-1.5.1.jar;C:\Users\hp\.m2\repository\org\hibernate\common\hibernate-commons-annotations\5.1.2.Final\hibernate-commons-annotations-5.1.2.Final.jar;C:\Users\hp\.m2\repository\org\glassfish\jaxb\jaxb-runtime\2.3.8\jaxb-runtime-2.3.8.jar;C:\Users\hp\.m2\repository\org\glassfish\jaxb\txw2\2.3.8\txw2-2.3.8.jar;C:\Users\hp\.m2\repository\com\sun\istack\istack-commons-runtime\3.0.12\istack-commons-runtime-3.0.12.jar;C:\Users\hp\.m2\repository\org\springframework\data\spring-data-jpa\2.7.11\spring-data-jpa-2.7.11.jar;C:\Users\hp\.m2\repository\org\springframework\data\spring-data-
Launcher Type: SUN_STANDARD

Environment Variables:
PATH=C:/Program Files/Java/jre1.8.0_361/bin/server;C:/Program Files/Java/jre1.8.0_361/bin;C:/Program Files/Java/jre1.8.0_361/lib/amd64;C:\Program Files\Common Files\Oracle\Java\javapath;C:\Program Files (x86)\Common Files\Oracle\Java\javapath;C:\WINDOWS\system32;C:\WINDOWS;C:\WINDOWS\System32\Wbem;C:\WINDOWS\System32\WindowsPowerShell\v1.0\;C:\WINDOWS\System32\OpenSSH\;C:\Program Files\dotnet\;C:\Program Files\nodejs\;C:\Program Files\Git\cmd;C:\Users\hp\AppData\Local\Microsoft\WindowsApps;C:\MinGW\bin;C:\Users\hp\AppData\Local\Programs\Microsoft VS Code\bin;C:\MinGW\x86_64-w64-mingw32\bin;C:\Users\hp\AppData\Roaming\npm;C:\Users\hp\Desktop\Softwares\eclipse;
USERNAME=hp
OS=Windows_NT
PROCESSOR_IDENTIFIER=Intel64 Family 6 Model 140 Stepping 1, GenuineIntel



---------------  S Y S T E M  ---------------

OS: Windows 11 , 64 bit Build 22000 (10.0.22000.1761)

CPU:total 4 (initial active 4) (2 cores per cpu, 2 threads per core) family 6 model 140 stepping 1, cmov, cx8, fxsr, mmx, sse, sse2, sse3, ssse3, sse4.1, sse4.2, popcnt, avx, avx2, aes, clmul, erms, 3dnowpref, lzcnt, ht, tsc, tscinvbit, bmi1, bmi2, adx

Memory: 4k page, physical 3988792k(140228k free), swap 16047416k(656k free)

vm_info: Java HotSpot(TM) 64-Bit Server VM (25.361-b09) for windows-amd64 JRE (1.8.0_361-b09), built on Jan  9 2023 08:38:53 by "java_re" with MS VC++ 15.9 (VS2017)

time: Sat May 13 12:33:21 2023
timezone: India Standard Time
elapsed time: 3.269543 seconds (0d 0h 0m 3s)

