2023-04-28 21:56:16,129 [Worker-16] INFO  o.e.m.c.i.l.LifecycleMappingFactory - Using org.eclipse.m2e.jdt.JarLifecycleMapping lifecycle mapping for MavenProject: com.ts:anisoul:0.0.1-SNAPSHOT @ C:\Users\hp\Downloads\anisoul\pom.xml.
2023-04-28 21:56:16,910 [Worker-16] INFO  o.e.m.c.i.e.AbstractTransferListenerAdapter - Downloading https://repo.maven.apache.org/maven2/org/springframework/boot/spring-boot-starter-webflux/2.7.11/spring-boot-starter-webflux-2.7.11.pom
2023-04-28 21:56:17,089 [Worker-16] INFO  o.e.m.c.i.e.AbstractTransferListenerAdapter - Downloaded https://repo.maven.apache.org/maven2/org/springframework/boot/spring-boot-starter-webflux/2.7.11/spring-boot-starter-webflux-2.7.11.pom
2023-04-28 21:56:17,303 [Worker-16] INFO  o.e.m.c.i.e.AbstractTransferListenerAdapter - Downloading https://repo.maven.apache.org/maven2/org/springframework/boot/spring-boot-starter-reactor-netty/2.7.11/spring-boot-starter-reactor-netty-2.7.11.pom
2023-04-28 21:56:17,423 [Worker-16] INFO  o.e.m.c.i.e.AbstractTransferListenerAdapter - Downloaded https://repo.maven.apache.org/maven2/org/springframework/boot/spring-boot-starter-reactor-netty/2.7.11/spring-boot-starter-reactor-netty-2.7.11.pom
2023-04-28 21:56:17,522 [Worker-16] INFO  o.e.m.c.i.e.AbstractTransferListenerAdapter - Downloading https://repo.maven.apache.org/maven2/io/projectreactor/netty/reactor-netty-http/1.0.31/reactor-netty-http-1.0.31.pom
2023-04-28 21:56:17,607 [Worker-16] INFO  o.e.m.c.i.e.AbstractTransferListenerAdapter - Downloaded https://repo.maven.apache.org/maven2/io/projectreactor/netty/reactor-netty-http/1.0.31/reactor-netty-http-1.0.31.pom
2023-04-28 21:56:17,694 [Worker-16] INFO  o.e.m.c.i.e.AbstractTransferListenerAdapter - Downloading https://repo.maven.apache.org/maven2/io/netty/netty-codec-http/4.1.91.Final/netty-codec-http-4.1.91.Final.pom
2023-04-28 21:56:17,779 [Worker-16] INFO  o.e.m.c.i.e.AbstractTransferListenerAdapter - Downloaded https://repo.maven.apache.org/maven2/io/netty/netty-codec-http/4.1.91.Final/netty-codec-http-4.1.91.Final.pom
2023-04-28 21:56:17,811 [Worker-16] INFO  o.e.m.c.i.e.AbstractTransferListenerAdapter - Downloading https://repo.maven.apache.org/maven2/io/netty/netty-parent/4.1.91.Final/netty-parent-4.1.91.Final.pom
2023-04-28 21:56:17,948 [Worker-16] INFO  o.e.m.c.i.e.AbstractTransferListenerAdapter - Downloaded https://repo.maven.apache.org/maven2/io/netty/netty-parent/4.1.91.Final/netty-parent-4.1.91.Final.pom
2023-04-28 21:56:17,985 [Worker-16] INFO  o.e.m.c.i.e.AbstractTransferListenerAdapter - Downloading https://repo.maven.apache.org/maven2/io/netty/netty-common/4.1.91.Final/netty-common-4.1.91.Final.pom
2023-04-28 21:56:18,029 [Worker-16] INFO  o.e.m.c.i.e.AbstractTransferListenerAdapter - Downloaded https://repo.maven.apache.org/maven2/io/netty/netty-common/4.1.91.Final/netty-common-4.1.91.Final.pom
2023-04-28 21:56:18,068 [Worker-16] INFO  o.e.m.c.i.e.AbstractTransferListenerAdapter - Downloading https://repo.maven.apache.org/maven2/io/netty/netty-buffer/4.1.91.Final/netty-buffer-4.1.91.Final.pom
2023-04-28 21:56:18,119 [Worker-16] INFO  o.e.m.c.i.e.AbstractTransferListenerAdapter - Downloaded https://repo.maven.apache.org/maven2/io/netty/netty-buffer/4.1.91.Final/netty-buffer-4.1.91.Final.pom
2023-04-28 21:56:18,150 [Worker-16] INFO  o.e.m.c.i.e.AbstractTransferListenerAdapter - Downloading https://repo.maven.apache.org/maven2/io/netty/netty-transport/4.1.91.Final/netty-transport-4.1.91.Final.pom
2023-04-28 21:56:18,224 [Worker-16] INFO  o.e.m.c.i.e.AbstractTransferListenerAdapter - Downloaded https://repo.maven.apache.org/maven2/io/netty/netty-transport/4.1.91.Final/netty-transport-4.1.91.Final.pom
2023-04-28 21:56:18,268 [Worker-16] INFO  o.e.m.c.i.e.AbstractTransferListenerAdapter - Downloading https://repo.maven.apache.org/maven2/io/netty/netty-resolver/4.1.91.Final/netty-resolver-4.1.91.Final.pom
2023-04-28 21:56:18,311 [Worker-16] INFO  o.e.m.c.i.e.AbstractTransferListenerAdapter - Downloaded https://repo.maven.apache.org/maven2/io/netty/netty-resolver/4.1.91.Final/netty-resolver-4.1.91.Final.pom
2023-04-28 21:56:18,343 [Worker-16] INFO  o.e.m.c.i.e.AbstractTransferListenerAdapter - Downloading https://repo.maven.apache.org/maven2/io/netty/netty-codec/4.1.91.Final/netty-codec-4.1.91.Final.pom
2023-04-28 21:56:18,384 [Worker-16] INFO  o.e.m.c.i.e.AbstractTransferListenerAdapter - Downloaded https://repo.maven.apache.org/maven2/io/netty/netty-codec/4.1.91.Final/netty-codec-4.1.91.Final.pom
2023-04-28 21:56:18,415 [Worker-16] INFO  o.e.m.c.i.e.AbstractTransferListenerAdapter - Downloading https://repo.maven.apache.org/maven2/io/netty/netty-handler/4.1.91.Final/netty-handler-4.1.91.Final.pom
2023-04-28 21:56:18,456 [Worker-16] INFO  o.e.m.c.i.e.AbstractTransferListenerAdapter - Downloaded https://repo.maven.apache.org/maven2/io/netty/netty-handler/4.1.91.Final/netty-handler-4.1.91.Final.pom
2023-04-28 21:56:18,489 [Worker-16] INFO  o.e.m.c.i.e.AbstractTransferListenerAdapter - Downloading https://repo.maven.apache.org/maven2/io/netty/netty-transport-native-unix-common/4.1.91.Final/netty-transport-native-unix-common-4.1.91.Final.pom
2023-04-28 21:56:18,537 [Worker-16] INFO  o.e.m.c.i.e.AbstractTransferListenerAdapter - Downloaded https://repo.maven.apache.org/maven2/io/netty/netty-transport-native-unix-common/4.1.91.Final/netty-transport-native-unix-common-4.1.91.Final.pom
2023-04-28 21:56:18,568 [Worker-16] INFO  o.e.m.c.i.e.AbstractTransferListenerAdapter - Downloading https://repo.maven.apache.org/maven2/io/netty/netty-codec-http2/4.1.91.Final/netty-codec-http2-4.1.91.Final.pom
2023-04-28 21:56:18,624 [Worker-16] INFO  o.e.m.c.i.e.AbstractTransferListenerAdapter - Downloaded https://repo.maven.apache.org/maven2/io/netty/netty-codec-http2/4.1.91.Final/netty-codec-http2-4.1.91.Final.pom
2023-04-28 21:56:18,655 [Worker-16] INFO  o.e.m.c.i.e.AbstractTransferListenerAdapter - Downloading https://repo.maven.apache.org/maven2/io/netty/netty-resolver-dns/4.1.91.Final/netty-resolver-dns-4.1.91.Final.pom
2023-04-28 21:56:18,713 [Worker-16] INFO  o.e.m.c.i.e.AbstractTransferListenerAdapter - Downloaded https://repo.maven.apache.org/maven2/io/netty/netty-resolver-dns/4.1.91.Final/netty-resolver-dns-4.1.91.Final.pom
2023-04-28 21:56:18,748 [Worker-16] INFO  o.e.m.c.i.e.AbstractTransferListenerAdapter - Downloading https://repo.maven.apache.org/maven2/io/netty/netty-codec-dns/4.1.91.Final/netty-codec-dns-4.1.91.Final.pom
2023-04-28 21:56:18,789 [Worker-16] INFO  o.e.m.c.i.e.AbstractTransferListenerAdapter - Downloaded https://repo.maven.apache.org/maven2/io/netty/netty-codec-dns/4.1.91.Final/netty-codec-dns-4.1.91.Final.pom
2023-04-28 21:56:18,836 [Worker-16] INFO  o.e.m.c.i.e.AbstractTransferListenerAdapter - Downloading https://repo.maven.apache.org/maven2/io/netty/netty-resolver-dns-native-macos/4.1.91.Final/netty-resolver-dns-native-macos-4.1.91.Final.pom
2023-04-28 21:56:18,885 [Worker-16] INFO  o.e.m.c.i.e.AbstractTransferListenerAdapter - Downloaded https://repo.maven.apache.org/maven2/io/netty/netty-resolver-dns-native-macos/4.1.91.Final/netty-resolver-dns-native-macos-4.1.91.Final.pom
2023-04-28 21:56:18,921 [Worker-16] INFO  o.e.m.c.i.e.AbstractTransferListenerAdapter - Downloading https://repo.maven.apache.org/maven2/io/netty/netty-resolver-dns-classes-macos/4.1.91.Final/netty-resolver-dns-classes-macos-4.1.91.Final.pom
2023-04-28 21:56:18,964 [Worker-16] INFO  o.e.m.c.i.e.AbstractTransferListenerAdapter - Downloaded https://repo.maven.apache.org/maven2/io/netty/netty-resolver-dns-classes-macos/4.1.91.Final/netty-resolver-dns-classes-macos-4.1.91.Final.pom
2023-04-28 21:56:19,001 [Worker-16] INFO  o.e.m.c.i.e.AbstractTransferListenerAdapter - Downloading https://repo.maven.apache.org/maven2/io/netty/netty-transport-native-epoll/4.1.91.Final/netty-transport-native-epoll-4.1.91.Final.pom
2023-04-28 21:56:19,042 [Worker-16] INFO  o.e.m.c.i.e.AbstractTransferListenerAdapter - Downloaded https://repo.maven.apache.org/maven2/io/netty/netty-transport-native-epoll/4.1.91.Final/netty-transport-native-epoll-4.1.91.Final.pom
2023-04-28 21:56:19,114 [Worker-16] INFO  o.e.m.c.i.e.AbstractTransferListenerAdapter - Downloading https://repo.maven.apache.org/maven2/io/netty/netty-transport-classes-epoll/4.1.91.Final/netty-transport-classes-epoll-4.1.91.Final.pom
2023-04-28 21:56:19,156 [Worker-16] INFO  o.e.m.c.i.e.AbstractTransferListenerAdapter - Downloaded https://repo.maven.apache.org/maven2/io/netty/netty-transport-classes-epoll/4.1.91.Final/netty-transport-classes-epoll-4.1.91.Final.pom
2023-04-28 21:56:19,188 [Worker-16] INFO  o.e.m.c.i.e.AbstractTransferListenerAdapter - Downloading https://repo.maven.apache.org/maven2/io/projectreactor/netty/reactor-netty-core/1.0.31/reactor-netty-core-1.0.31.pom
2023-04-28 21:56:19,243 [Worker-16] INFO  o.e.m.c.i.e.AbstractTransferListenerAdapter - Downloaded https://repo.maven.apache.org/maven2/io/projectreactor/netty/reactor-netty-core/1.0.31/reactor-netty-core-1.0.31.pom
2023-04-28 21:56:19,272 [Worker-16] INFO  o.e.m.c.i.e.AbstractTransferListenerAdapter - Downloading https://repo.maven.apache.org/maven2/io/netty/netty-handler-proxy/4.1.91.Final/netty-handler-proxy-4.1.91.Final.pom
2023-04-28 21:56:19,371 [Worker-16] INFO  o.e.m.c.i.e.AbstractTransferListenerAdapter - Downloaded https://repo.maven.apache.org/maven2/io/netty/netty-handler-proxy/4.1.91.Final/netty-handler-proxy-4.1.91.Final.pom
2023-04-28 21:56:19,401 [Worker-16] INFO  o.e.m.c.i.e.AbstractTransferListenerAdapter - Downloading https://repo.maven.apache.org/maven2/io/netty/netty-codec-socks/4.1.91.Final/netty-codec-socks-4.1.91.Final.pom
2023-04-28 21:56:19,444 [Worker-16] INFO  o.e.m.c.i.e.AbstractTransferListenerAdapter - Downloaded https://repo.maven.apache.org/maven2/io/netty/netty-codec-socks/4.1.91.Final/netty-codec-socks-4.1.91.Final.pom
2023-04-28 21:56:19,474 [Worker-16] INFO  o.e.m.c.i.e.AbstractTransferListenerAdapter - Downloading https://repo.maven.apache.org/maven2/io/projectreactor/reactor-core/3.4.29/reactor-core-3.4.29.pom
2023-04-28 21:56:19,511 [Worker-16] INFO  o.e.m.c.i.e.AbstractTransferListenerAdapter - Downloaded https://repo.maven.apache.org/maven2/io/projectreactor/reactor-core/3.4.29/reactor-core-3.4.29.pom
2023-04-28 21:56:19,537 [Worker-16] INFO  o.e.m.c.i.e.AbstractTransferListenerAdapter - Downloading https://repo.maven.apache.org/maven2/org/reactivestreams/reactive-streams/1.0.4/reactive-streams-1.0.4.pom
2023-04-28 21:56:19,578 [Worker-16] INFO  o.e.m.c.i.e.AbstractTransferListenerAdapter - Downloaded https://repo.maven.apache.org/maven2/org/reactivestreams/reactive-streams/1.0.4/reactive-streams-1.0.4.pom
2023-04-28 21:56:19,607 [Worker-16] INFO  o.e.m.c.i.e.AbstractTransferListenerAdapter - Downloading https://repo.maven.apache.org/maven2/org/springframework/spring-webflux/5.3.27/spring-webflux-5.3.27.pom
2023-04-28 21:56:19,646 [Worker-16] INFO  o.e.m.c.i.e.AbstractTransferListenerAdapter - Downloaded https://repo.maven.apache.org/maven2/org/springframework/spring-webflux/5.3.27/spring-webflux-5.3.27.pom
2023-04-28 21:56:19,798 [Worker-16] INFO  o.e.m.c.i.e.AbstractTransferListenerAdapter - Downloading https://repo.maven.apache.org/maven2/io/projectreactor/reactor-test/3.4.29/reactor-test-3.4.29.pom
2023-04-28 21:56:19,836 [Worker-16] INFO  o.e.m.c.i.e.AbstractTransferListenerAdapter - Downloaded https://repo.maven.apache.org/maven2/io/projectreactor/reactor-test/3.4.29/reactor-test-3.4.29.pom
2023-04-28 21:56:19,991 [Worker-16] INFO  o.e.m.c.i.e.AbstractTransferListenerAdapter - Downloading https://repo.maven.apache.org/maven2/org/springframework/boot/spring-boot-starter-webflux/2.7.11/spring-boot-starter-webflux-2.7.11.jar
2023-04-28 21:56:20,056 [Worker-16] INFO  o.e.m.c.i.e.AbstractTransferListenerAdapter - Downloaded https://repo.maven.apache.org/maven2/org/springframework/boot/spring-boot-starter-webflux/2.7.11/spring-boot-starter-webflux-2.7.11.jar
2023-04-28 21:56:20,084 [Worker-16] INFO  o.e.m.c.i.e.AbstractTransferListenerAdapter - Downloading https://repo.maven.apache.org/maven2/org/springframework/boot/spring-boot-starter-reactor-netty/2.7.11/spring-boot-starter-reactor-netty-2.7.11.jar
2023-04-28 21:56:20,157 [Worker-16] INFO  o.e.m.c.i.e.AbstractTransferListenerAdapter - Downloaded https://repo.maven.apache.org/maven2/org/springframework/boot/spring-boot-starter-reactor-netty/2.7.11/spring-boot-starter-reactor-netty-2.7.11.jar
2023-04-28 21:56:20,175 [Worker-16] INFO  o.e.m.c.i.e.AbstractTransferListenerAdapter - Downloading https://repo.maven.apache.org/maven2/io/projectreactor/netty/reactor-netty-http/1.0.31/reactor-netty-http-1.0.31.jar
2023-04-28 21:56:20,313 [Worker-16] INFO  o.e.m.c.i.e.AbstractTransferListenerAdapter - Downloaded https://repo.maven.apache.org/maven2/io/projectreactor/netty/reactor-netty-http/1.0.31/reactor-netty-http-1.0.31.jar
2023-04-28 21:56:20,334 [Worker-16] INFO  o.e.m.c.i.e.AbstractTransferListenerAdapter - Downloading https://repo.maven.apache.org/maven2/io/netty/netty-codec-http/4.1.91.Final/netty-codec-http-4.1.91.Final.jar
2023-04-28 21:56:20,469 [Worker-16] INFO  o.e.m.c.i.e.AbstractTransferListenerAdapter - Downloaded https://repo.maven.apache.org/maven2/io/netty/netty-codec-http/4.1.91.Final/netty-codec-http-4.1.91.Final.jar
2023-04-28 21:56:20,488 [Worker-16] INFO  o.e.m.c.i.e.AbstractTransferListenerAdapter - Downloading https://repo.maven.apache.org/maven2/io/netty/netty-common/4.1.91.Final/netty-common-4.1.91.Final.jar
2023-04-28 21:56:20,640 [Worker-16] INFO  o.e.m.c.i.e.AbstractTransferListenerAdapter - Downloaded https://repo.maven.apache.org/maven2/io/netty/netty-common/4.1.91.Final/netty-common-4.1.91.Final.jar
2023-04-28 21:56:20,665 [Worker-16] INFO  o.e.m.c.i.e.AbstractTransferListenerAdapter - Downloading https://repo.maven.apache.org/maven2/io/netty/netty-buffer/4.1.91.Final/netty-buffer-4.1.91.Final.jar
2023-04-28 21:56:20,751 [Worker-16] INFO  o.e.m.c.i.e.AbstractTransferListenerAdapter - Downloaded https://repo.maven.apache.org/maven2/io/netty/netty-buffer/4.1.91.Final/netty-buffer-4.1.91.Final.jar
2023-04-28 21:56:20,790 [Worker-16] INFO  o.e.m.c.i.e.AbstractTransferListenerAdapter - Downloading https://repo.maven.apache.org/maven2/io/netty/netty-transport/4.1.91.Final/netty-transport-4.1.91.Final.jar
2023-04-28 21:56:20,915 [Worker-16] INFO  o.e.m.c.i.e.AbstractTransferListenerAdapter - Downloaded https://repo.maven.apache.org/maven2/io/netty/netty-transport/4.1.91.Final/netty-transport-4.1.91.Final.jar
2023-04-28 21:56:20,934 [Worker-16] INFO  o.e.m.c.i.e.AbstractTransferListenerAdapter - Downloading https://repo.maven.apache.org/maven2/io/netty/netty-codec/4.1.91.Final/netty-codec-4.1.91.Final.jar
2023-04-28 21:56:21,033 [Worker-16] INFO  o.e.m.c.i.e.AbstractTransferListenerAdapter - Downloaded https://repo.maven.apache.org/maven2/io/netty/netty-codec/4.1.91.Final/netty-codec-4.1.91.Final.jar
2023-04-28 21:56:21,052 [Worker-16] INFO  o.e.m.c.i.e.AbstractTransferListenerAdapter - Downloading https://repo.maven.apache.org/maven2/io/netty/netty-handler/4.1.91.Final/netty-handler-4.1.91.Final.jar
2023-04-28 21:56:21,193 [Worker-16] INFO  o.e.m.c.i.e.AbstractTransferListenerAdapter - Downloaded https://repo.maven.apache.org/maven2/io/netty/netty-handler/4.1.91.Final/netty-handler-4.1.91.Final.jar
2023-04-28 21:56:21,211 [Worker-16] INFO  o.e.m.c.i.e.AbstractTransferListenerAdapter - Downloading https://repo.maven.apache.org/maven2/io/netty/netty-codec-http2/4.1.91.Final/netty-codec-http2-4.1.91.Final.jar
2023-04-28 21:56:21,334 [Worker-16] INFO  o.e.m.c.i.e.AbstractTransferListenerAdapter - Downloaded https://repo.maven.apache.org/maven2/io/netty/netty-codec-http2/4.1.91.Final/netty-codec-http2-4.1.91.Final.jar
2023-04-28 21:56:21,382 [Worker-16] INFO  o.e.m.c.i.e.AbstractTransferListenerAdapter - Downloading https://repo.maven.apache.org/maven2/io/netty/netty-resolver-dns/4.1.91.Final/netty-resolver-dns-4.1.91.Final.jar
2023-04-28 21:56:21,450 [Worker-16] INFO  o.e.m.c.i.e.AbstractTransferListenerAdapter - Downloaded https://repo.maven.apache.org/maven2/io/netty/netty-resolver-dns/4.1.91.Final/netty-resolver-dns-4.1.91.Final.jar
2023-04-28 21:56:21,467 [Worker-16] INFO  o.e.m.c.i.e.AbstractTransferListenerAdapter - Downloading https://repo.maven.apache.org/maven2/io/netty/netty-resolver/4.1.91.Final/netty-resolver-4.1.91.Final.jar
2023-04-28 21:56:21,728 [Worker-16] INFO  o.e.m.c.i.e.AbstractTransferListenerAdapter - Downloaded https://repo.maven.apache.org/maven2/io/netty/netty-resolver/4.1.91.Final/netty-resolver-4.1.91.Final.jar
2023-04-28 21:56:21,748 [Worker-16] INFO  o.e.m.c.i.e.AbstractTransferListenerAdapter - Downloading https://repo.maven.apache.org/maven2/io/netty/netty-codec-dns/4.1.91.Final/netty-codec-dns-4.1.91.Final.jar
2023-04-28 21:56:21,804 [Worker-16] INFO  o.e.m.c.i.e.AbstractTransferListenerAdapter - Downloaded https://repo.maven.apache.org/maven2/io/netty/netty-codec-dns/4.1.91.Final/netty-codec-dns-4.1.91.Final.jar
2023-04-28 21:56:21,825 [Worker-16] INFO  o.e.m.c.i.e.AbstractTransferListenerAdapter - Downloading https://repo.maven.apache.org/maven2/io/netty/netty-resolver-dns-native-macos/4.1.91.Final/netty-resolver-dns-native-macos-4.1.91.Final-osx-x86_64.jar
2023-04-28 21:56:21,919 [Worker-16] INFO  o.e.m.c.i.e.AbstractTransferListenerAdapter - Downloaded https://repo.maven.apache.org/maven2/io/netty/netty-resolver-dns-native-macos/4.1.91.Final/netty-resolver-dns-native-macos-4.1.91.Final-osx-x86_64.jar
2023-04-28 21:56:21,939 [Worker-16] INFO  o.e.m.c.i.e.AbstractTransferListenerAdapter - Downloading https://repo.maven.apache.org/maven2/io/netty/netty-resolver-dns-classes-macos/4.1.91.Final/netty-resolver-dns-classes-macos-4.1.91.Final.jar
2023-04-28 21:56:22,062 [Worker-16] INFO  o.e.m.c.i.e.AbstractTransferListenerAdapter - Downloaded https://repo.maven.apache.org/maven2/io/netty/netty-resolver-dns-classes-macos/4.1.91.Final/netty-resolver-dns-classes-macos-4.1.91.Final.jar
2023-04-28 21:56:22,082 [Worker-16] INFO  o.e.m.c.i.e.AbstractTransferListenerAdapter - Downloading https://repo.maven.apache.org/maven2/io/netty/netty-transport-native-epoll/4.1.91.Final/netty-transport-native-epoll-4.1.91.Final-linux-x86_64.jar
2023-04-28 21:56:22,181 [Worker-16] INFO  o.e.m.c.i.e.AbstractTransferListenerAdapter - Downloaded https://repo.maven.apache.org/maven2/io/netty/netty-transport-native-epoll/4.1.91.Final/netty-transport-native-epoll-4.1.91.Final-linux-x86_64.jar
2023-04-28 21:56:22,223 [Worker-16] INFO  o.e.m.c.i.e.AbstractTransferListenerAdapter - Downloading https://repo.maven.apache.org/maven2/io/netty/netty-transport-native-unix-common/4.1.91.Final/netty-transport-native-unix-common-4.1.91.Final.jar
2023-04-28 21:56:22,538 [Worker-16] INFO  o.e.m.c.i.e.AbstractTransferListenerAdapter - Downloaded https://repo.maven.apache.org/maven2/io/netty/netty-transport-native-unix-common/4.1.91.Final/netty-transport-native-unix-common-4.1.91.Final.jar
2023-04-28 21:56:22,575 [Worker-16] INFO  o.e.m.c.i.e.AbstractTransferListenerAdapter - Downloading https://repo.maven.apache.org/maven2/io/netty/netty-transport-classes-epoll/4.1.91.Final/netty-transport-classes-epoll-4.1.91.Final.jar
2023-04-28 21:56:22,707 [Worker-16] INFO  o.e.m.c.i.e.AbstractTransferListenerAdapter - Downloaded https://repo.maven.apache.org/maven2/io/netty/netty-transport-classes-epoll/4.1.91.Final/netty-transport-classes-epoll-4.1.91.Final.jar
2023-04-28 21:56:22,787 [Worker-16] INFO  o.e.m.c.i.e.AbstractTransferListenerAdapter - Downloading https://repo.maven.apache.org/maven2/io/projectreactor/netty/reactor-netty-core/1.0.31/reactor-netty-core-1.0.31.jar
2023-04-28 21:56:23,014 [Worker-16] INFO  o.e.m.c.i.e.AbstractTransferListenerAdapter - Downloaded https://repo.maven.apache.org/maven2/io/projectreactor/netty/reactor-netty-core/1.0.31/reactor-netty-core-1.0.31.jar
2023-04-28 21:56:23,052 [Worker-16] INFO  o.e.m.c.i.e.AbstractTransferListenerAdapter - Downloading https://repo.maven.apache.org/maven2/io/netty/netty-handler-proxy/4.1.91.Final/netty-handler-proxy-4.1.91.Final.jar
2023-04-28 21:56:23,309 [Worker-16] INFO  o.e.m.c.i.e.AbstractTransferListenerAdapter - Downloaded https://repo.maven.apache.org/maven2/io/netty/netty-handler-proxy/4.1.91.Final/netty-handler-proxy-4.1.91.Final.jar
2023-04-28 21:56:23,338 [Worker-16] INFO  o.e.m.c.i.e.AbstractTransferListenerAdapter - Downloading https://repo.maven.apache.org/maven2/io/netty/netty-codec-socks/4.1.91.Final/netty-codec-socks-4.1.91.Final.jar
2023-04-28 21:56:23,441 [Worker-16] INFO  o.e.m.c.i.e.AbstractTransferListenerAdapter - Downloaded https://repo.maven.apache.org/maven2/io/netty/netty-codec-socks/4.1.91.Final/netty-codec-socks-4.1.91.Final.jar
2023-04-28 21:56:23,505 [Worker-16] INFO  o.e.m.c.i.e.AbstractTransferListenerAdapter - Downloading https://repo.maven.apache.org/maven2/org/springframework/spring-webflux/5.3.27/spring-webflux-5.3.27.jar
2023-04-28 21:56:23,904 [Worker-16] INFO  o.e.m.c.i.e.AbstractTransferListenerAdapter - Downloaded https://repo.maven.apache.org/maven2/org/springframework/spring-webflux/5.3.27/spring-webflux-5.3.27.jar
2023-04-28 21:56:23,943 [Worker-16] INFO  o.e.m.c.i.e.AbstractTransferListenerAdapter - Downloading https://repo.maven.apache.org/maven2/io/projectreactor/reactor-test/3.4.29/reactor-test-3.4.29.jar
2023-04-28 21:56:24,121 [Worker-16] INFO  o.e.m.c.i.e.AbstractTransferListenerAdapter - Downloaded https://repo.maven.apache.org/maven2/io/projectreactor/reactor-test/3.4.29/reactor-test-3.4.29.jar
2023-04-28 21:56:24,153 [Worker-16] INFO  o.e.m.c.i.e.AbstractTransferListenerAdapter - Downloading https://repo.maven.apache.org/maven2/io/projectreactor/reactor-core/3.4.29/reactor-core-3.4.29.jar
2023-04-28 21:56:24,656 [Worker-16] INFO  o.e.m.c.i.e.AbstractTransferListenerAdapter - Downloaded https://repo.maven.apache.org/maven2/io/projectreactor/reactor-core/3.4.29/reactor-core-3.4.29.jar
2023-04-28 21:56:24,674 [Worker-16] INFO  o.e.m.c.i.e.AbstractTransferListenerAdapter - Downloading https://repo.maven.apache.org/maven2/org/reactivestreams/reactive-streams/1.0.4/reactive-streams-1.0.4.jar
2023-04-28 21:56:24,819 [Worker-16] INFO  o.e.m.c.i.e.AbstractTransferListenerAdapter - Downloaded https://repo.maven.apache.org/maven2/org/reactivestreams/reactive-streams/1.0.4/reactive-streams-1.0.4.jar
2023-04-28 21:56:29,914 [Worker-16] INFO  o.e.m.j.i.AbstractJavaProjectConfigurator - Adding source folder /anisoul/src/main/java
2023-04-28 21:56:29,915 [Worker-16] INFO  o.e.m.j.i.AbstractJavaProjectConfigurator - Adding resource folder /anisoul/src/main/resources
2023-04-28 21:56:29,927 [Worker-16] INFO  o.e.m.j.i.AbstractJavaProjectConfigurator - Adding resource folder /anisoul/src/main/resources
2023-04-28 21:56:29,939 [Worker-16] INFO  o.e.m.j.i.AbstractJavaProjectConfigurator - Adding source folder /anisoul/src/test/java
2023-04-28 21:56:31,331 [Worker-16] INFO  o.e.m.c.i.p.ProjectConfigurationManager - Imported and configured 1 project(s) in 17 sec
2023-04-28 21:56:33,232 [Worker-18] INFO  o.e.m.c.i.embedder.EclipseLogger - Using 'UTF-8' encoding to copy filtered resources.
2023-04-28 21:56:33,232 [Worker-18] INFO  o.e.m.c.i.embedder.EclipseLogger - Using 'UTF-8' encoding to copy filtered properties files.
2023-04-28 21:56:33,240 [Worker-18] INFO  o.e.m.c.i.embedder.EclipseLogger - Copying 1 resource
2023-04-28 21:56:33,276 [Worker-18] INFO  o.e.m.c.i.embedder.EclipseLogger - Copying 0 resource
2023-04-28 21:56:33,280 [Worker-18] INFO  o.e.m.c.i.embedder.EclipseLogger - Using 'UTF-8' encoding to copy filtered resources.
2023-04-28 21:56:33,280 [Worker-18] INFO  o.e.m.c.i.embedder.EclipseLogger - Using 'UTF-8' encoding to copy filtered properties files.
2023-04-28 21:56:33,280 [Worker-18] INFO  o.e.m.c.i.embedder.EclipseLogger - skip non existing resourceDirectory C:\Users\hp\Downloads\anisoul\src\test\resources
2023-04-28 21:56:41,486 [Worker-17] INFO  o.e.m.c.i.p.ProjectConfigurationManager - Update started
2023-04-28 21:56:42,155 [Worker-17] INFO  o.e.m.c.i.l.LifecycleMappingFactory - Using org.eclipse.m2e.jdt.JarLifecycleMapping lifecycle mapping for MavenProject: com.ts:anisoul:0.0.1-SNAPSHOT @ C:\Users\hp\Downloads\anisoul\pom.xml.
2023-04-28 21:56:43,583 [Worker-17] INFO  o.e.m.j.i.AbstractJavaProjectConfigurator - Adding source folder /anisoul/src/main/java
2023-04-28 21:56:43,583 [Worker-17] INFO  o.e.m.j.i.AbstractJavaProjectConfigurator - Adding resource folder /anisoul/src/main/resources
2023-04-28 21:56:43,583 [Worker-17] INFO  o.e.m.j.i.AbstractJavaProjectConfigurator - Adding resource folder /anisoul/src/main/resources
2023-04-28 21:56:43,584 [Worker-17] INFO  o.e.m.j.i.AbstractJavaProjectConfigurator - Adding source folder /anisoul/src/test/java
2023-04-28 21:56:43,794 [Worker-17] INFO  o.e.m.c.i.p.ProjectConfigurationManager - Update completed: 2 sec
2023-04-28 21:56:44,600 [Worker-16] INFO  o.e.m.c.i.embedder.EclipseLogger - Using 'UTF-8' encoding to copy filtered resources.
2023-04-28 21:56:44,600 [Worker-16] INFO  o.e.m.c.i.embedder.EclipseLogger - Using 'UTF-8' encoding to copy filtered properties files.
2023-04-28 21:56:44,601 [Worker-16] INFO  o.e.m.c.i.embedder.EclipseLogger - Copying 1 resource
2023-04-28 21:56:44,621 [Worker-16] INFO  o.e.m.c.i.embedder.EclipseLogger - Copying 0 resource
2023-04-28 21:56:44,623 [Worker-16] INFO  o.e.m.c.i.embedder.EclipseLogger - Using 'UTF-8' encoding to copy filtered resources.
2023-04-28 21:56:44,624 [Worker-16] INFO  o.e.m.c.i.embedder.EclipseLogger - Using 'UTF-8' encoding to copy filtered properties files.
2023-04-28 21:56:44,624 [Worker-16] INFO  o.e.m.c.i.embedder.EclipseLogger - skip non existing resourceDirectory C:\Users\hp\Downloads\anisoul\src\test\resources
2023-04-28 21:57:32,371 [Worker-17] INFO  o.e.m.c.i.embedder.EclipseLogger - Using 'UTF-8' encoding to copy filtered resources.
2023-04-28 21:57:32,371 [Worker-17] INFO  o.e.m.c.i.embedder.EclipseLogger - Using 'UTF-8' encoding to copy filtered properties files.
2023-04-28 21:57:32,371 [Worker-17] INFO  o.e.m.c.i.embedder.EclipseLogger - skip non existing resourceDirectory C:\Users\hp\Downloads\anisoul\src\main\resources
2023-04-28 21:57:32,371 [Worker-17] INFO  o.e.m.c.i.embedder.EclipseLogger - skip non existing resourceDirectory C:\Users\hp\Downloads\anisoul\src\main\resources
2023-04-28 21:57:32,374 [Worker-17] INFO  o.e.m.c.i.embedder.EclipseLogger - Using 'UTF-8' encoding to copy filtered resources.
2023-04-28 21:57:32,374 [Worker-17] INFO  o.e.m.c.i.embedder.EclipseLogger - Using 'UTF-8' encoding to copy filtered properties files.
2023-04-28 21:57:32,374 [Worker-17] INFO  o.e.m.c.i.embedder.EclipseLogger - skip non existing resourceDirectory C:\Users\hp\Downloads\anisoul\src\test\resources
